2017-09-21 15:30:55,130 INFO Script running on windows platform, LCD disabled
2017-09-21 15:30:55,130 INFO ==================== Load Settings ====================
2017-09-21 15:30:55,272 INFO C:/Users/AW-ZenBook/Documents/GitHub/EOL/hwcfg/21.json
2017-09-21 15:30:55,272 INFO McDonald Electric Test
2017-09-21 15:30:55,575 INFO Writing motionPID successful, @ processID 101
2017-09-21 15:30:56,167 INFO Writing heaterPID successful, @ processID 102
2017-09-21 15:30:56,743 INFO Writing level sensors successful, @ processID 103
2017-09-21 15:30:56,887 INFO Writing power sync successful, @ processID 104
2017-09-21 15:31:02,325 INFO ==================== Test Begins ====================
2017-09-21 15:31:02,328 INFO < execute voltage reading >
2017-09-21 15:31:02,615 INFO Line 1: 208.7
2017-09-21 15:31:02,615 INFO Line 2: 208.2
2017-09-21 15:31:02,615 INFO Line 3: 207.2
2017-09-21 15:31:02,615 INFO Frequency: 60
2017-09-21 15:31:02,615 INFO 24V supply: 24.08
2017-09-21 15:31:02,615 INFO 12V supply: 12.24
2017-09-21 15:31:02,615 INFO 5V supply: 4.96
2017-09-21 15:31:02,615 INFO 3.3V supply: 3.26
2017-09-21 15:31:02,615 INFO < execute switch test >
2017-09-21 15:31:03,190 INFO Seeking lower switch successful, @ processID 203
2017-09-21 15:31:06,644 INFO Seeking upper switch successful, @ processID 203
2017-09-21 15:31:11,397 INFO Seeking lower switch successful, @ processID 203
2017-09-21 15:31:12,548 INFO Distance between Lift and Home switch (inch): 1.912893762
2017-09-21 15:31:12,549 INFO Lift switch location (count): -3849
2017-09-21 15:31:12,549 INFO Home switch location (count): 38
2017-09-21 15:31:12,549 INFO Moving upwards time elapse (sec): 3.64499998093
2017-09-21 15:31:12,549 INFO Moving downwards time elapse (sec): 3.39700007439
2017-09-21 15:31:12,549 INFO Actuator speed upwards (inch/sec): 0.524799388754
2017-09-21 15:31:12,549 INFO Actuator speed downwards (inch/sec): 0.563112664148
2017-09-21 15:31:12,549 INFO < execute kill switch test >
2017-09-21 15:31:17,012 INFO Homing sequence successful, @ processID 202
2017-09-21 15:31:20,466 INFO Seeking upper switch successful, @ processID 205
2017-09-21 15:31:29,217 INFO Upper kill switch location: -5640
2017-09-21 15:31:34,543 INFO Seeking lower switch successful, @ processID 205
2017-09-21 15:31:44,158 INFO Home switch remain engaged, switch bracket ok 
2017-09-21 15:31:44,302 INFO Lower kill switch location: 4766
2017-09-21 15:31:44,302 INFO Kill switch test successful
2017-09-21 15:31:44,589 INFO < execute homing test >
2017-09-21 15:31:52,509 INFO Homing sequence successful, @ processID 202
2017-09-21 15:31:52,509 INFO < execute sensors gap test >
2017-09-21 15:31:52,651 INFO Writing setpoint reg 0 to 0
2017-09-21 15:31:54,940 INFO Rear sensors within range (mm) 6.3014618366
2017-09-21 15:31:54,940 INFO Front sensors within range (mm) 6.34540849025
2017-09-21 15:31:54,940 INFO < execute ZDBF test >
2017-09-21 15:31:55,099 INFO Writing setpoint reg 0 to 0
2017-09-21 15:32:05,242 INFO ZDBF: 0
2017-09-21 15:32:05,385 INFO < calculate results >
2017-09-21 15:32:05,387 INFO Raw output:{4148, -3849, 38, -5640, 4766}
2017-09-21 15:32:05,387 INFO grill plate to home sw (inch):  -2.02263786
2017-09-21 15:32:05,387 INFO lift switch location (inch):    1.912893762
2017-09-21 15:32:05,387 INFO home switch location (inch):    0.018700788
2017-09-21 15:32:05,388 INFO upper killsw location (inch):   2.7942914279999997
2017-09-21 15:32:05,388 INFO lower killsw location (inch):   -2.3267717279999998
2017-09-21 15:32:05,388 INFO lift switch location not in range, target: 2.237 +/- 10.0%
2017-09-21 15:32:05,388 INFO ==================== Test Completed ====================
2017-09-21 15:32:05,388 INFO < Test Results >
2017-09-21 15:32:05,388 INFO Line 1 (V):     208.7
2017-09-21 15:32:05,388 INFO Line 2 (V):     208.2
2017-09-21 15:32:05,388 INFO Line 3 (V):     207.2
2017-09-21 15:32:05,388 INFO 24V supply (V):  24.08
2017-09-21 15:32:05,388 INFO 12V supply (V):  12.24
2017-09-21 15:32:05,388 INFO 5V supply (V):   4.96
2017-09-21 15:32:05,388 INFO 3.3V supply (V): 3.26
2017-09-21 15:32:05,390 INFO Time elapse upwards (sec):    3.645
2017-09-21 15:32:05,390 INFO Time elapse downwards (sec):  3.397
2017-09-21 15:32:05,390 INFO Rear sensors gap (mm)         6.301
2017-09-21 15:32:05,391 INFO Front sensors gap (mm)        6.345
2017-09-21 15:32:05,391 INFO ZDBF: 0
2017-09-21 15:32:05,391 INFO Tolerances not in range, adjustment required
2017-09-21 15:32:18,484 INFO Script running on windows platform, LCD disabled
2017-09-21 15:32:18,484 INFO ==================== Load Settings ====================
2017-09-21 15:32:18,641 INFO C:/Users/AW-ZenBook/Documents/GitHub/EOL/hwcfg/21.json
2017-09-21 15:32:18,641 INFO McDonald Electric Test
2017-09-21 15:32:18,961 INFO Writing motionPID successful, @ processID 101
2017-09-21 15:32:19,585 INFO Writing heaterPID successful, @ processID 102
2017-09-21 15:32:20,161 INFO Writing level sensors successful, @ processID 103
2017-09-21 15:32:20,303 INFO Writing power sync successful, @ processID 104
2017-09-21 15:32:25,599 INFO ==================== Test Begins ====================
2017-09-21 15:32:25,599 INFO < execute voltage reading >
2017-09-21 15:32:25,888 INFO Line 1: 208.7
2017-09-21 15:32:25,888 INFO Line 2: 208.2
2017-09-21 15:32:25,888 INFO Line 3: 207.2
2017-09-21 15:32:25,888 INFO Frequency: 60
2017-09-21 15:32:25,888 INFO 24V supply: 24.05
2017-09-21 15:32:25,890 INFO 12V supply: 12.23
2017-09-21 15:32:25,890 INFO 5V supply: 4.95
2017-09-21 15:32:25,890 INFO 3.3V supply: 3.26
2017-09-21 15:32:25,890 INFO < execute switch test >
2017-09-21 15:32:27,198 INFO Seeking lower switch successful, @ processID 203
2017-09-21 15:32:30,654 INFO Seeking upper switch successful, @ processID 203
2017-09-21 15:32:35,694 INFO Seeking lower switch successful, @ processID 203
2017-09-21 15:32:36,829 INFO Distance between Lift and Home switch (inch): 1.906003998
2017-09-21 15:32:36,829 INFO Lift switch location (count): -3853
2017-09-21 15:32:36,829 INFO Home switch location (count): 20
2017-09-21 15:32:36,829 INFO Moving upwards time elapse (sec): 3.65599989891
2017-09-21 15:32:36,831 INFO Moving downwards time elapse (sec): 3.69400000572
2017-09-21 15:32:36,831 INFO Actuator speed upwards (inch/sec): 0.521335900082
2017-09-21 15:32:36,831 INFO Actuator speed downwards (inch/sec): 0.515972927734
2017-09-21 15:32:36,831 INFO < execute kill switch test >
2017-09-21 15:32:40,572 INFO Seeking upper switch successful, @ processID 205
2017-09-21 15:32:49,178 INFO Upper kill switch location: -5646
2017-09-21 15:32:54,506 INFO Seeking lower switch successful, @ processID 205
2017-09-21 15:33:04,263 INFO Home switch remain engaged, switch bracket ok 
2017-09-21 15:33:04,407 INFO Lower kill switch location: 4767
2017-09-21 15:33:04,407 INFO Kill switch test successful
2017-09-21 15:33:04,696 INFO < execute magnet drift test >
2017-09-21 15:33:12,039 INFO Seeking upper switch successful, @ processID 204
2017-09-21 15:33:19,877 INFO Seeking lower switch successful, @ processID 204
2017-09-21 15:33:23,476 INFO Seeking upper switch successful, @ processID 204
2017-09-21 15:33:23,763 INFO Distance moving up: 3842
2017-09-21 15:33:23,763 INFO Distance moving down: 3860
2017-09-21 15:33:23,763 INFO Encoder magnet ok, no drift found
2017-09-21 15:33:23,763 INFO < execute homing test >
2017-09-21 15:33:32,401 INFO Homing sequence successful, @ processID 202
2017-09-21 15:33:32,401 INFO < execute sensors gap test >
2017-09-21 15:33:32,546 INFO Writing setpoint reg 0 to 0
2017-09-21 15:33:34,832 INFO Rear sensors within range (mm) 6.32374034852
2017-09-21 15:33:34,834 INFO Front sensors within range (mm) 6.31550035096
2017-09-21 15:33:34,834 INFO < execute ZDBF test >
2017-09-21 15:33:34,976 INFO Writing setpoint reg 0 to 0
2017-09-21 15:33:45,134 INFO ZDBF: -3
2017-09-21 15:33:45,279 INFO < execute level motor test >
2017-09-21 15:33:47,423 INFO Writing setpoint reg 0 to 0
2017-09-21 15:33:47,566 INFO Adjusting level motor up, gap target (mm): 4.805
2017-09-21 15:34:08,234 INFO Level motor installed correctly
2017-09-21 15:34:08,234 INFO Reset level motor to inital position
2017-09-21 15:34:28,855 INFO Adjusting level motor down, gap target (mm): 8.305
2017-09-21 15:34:58,752 INFO Sensor Reading {position: 6.305, upper range: 4.626, lower range: 8.415}
2017-09-21 15:34:58,753 INFO Resetting platen level
2017-09-21 15:35:07,055 INFO ZDBF: -62, direction: -1, adjustment: 3540
2017-09-21 15:35:08,638 INFO adjusting level motor up
2017-09-21 15:35:34,760 INFO adjustment completed
2017-09-21 15:35:37,272 INFO ZDBF: -27, direction: -1, adjustment: 1440
2017-09-21 15:35:38,855 INFO adjusting level motor up
2017-09-21 15:35:48,069 INFO adjustment completed
2017-09-21 15:35:50,581 INFO ZDBF: 6, direction: 1, adjustment: -189
2017-09-21 15:35:52,164 INFO adjusting level motor down
2017-09-21 15:35:53,747 INFO adjustment completed
2017-09-21 15:35:55,604 INFO ZDBF: 6, direction: 1, adjustment: -189
2017-09-21 15:35:57,187 INFO adjusting level motor down
2017-09-21 15:35:59,346 INFO adjustment completed
2017-09-21 15:36:01,219 INFO ZDBF: 0, direction: 0, adjustment: 0
2017-09-21 15:36:01,219 INFO New ZDBF: 0
2017-09-21 15:36:01,220 INFO < calculate results >
2017-09-21 15:36:01,220 INFO Raw output:{4123, -3853, 20, -5646, 4767}
2017-09-21 15:36:01,220 INFO grill plate to home sw (inch):  -2.019192978
2017-09-21 15:36:01,220 INFO lift switch location (inch):    1.9060039979999999
2017-09-21 15:36:01,220 INFO home switch location (inch):    0.009842519999999999
2017-09-21 15:36:01,220 INFO upper killsw location (inch):   2.7883859159999997
2017-09-21 15:36:01,220 INFO lower killsw location (inch):   -2.336122122
2017-09-21 15:36:01,220 INFO lift switch location not in range, target: 2.237 +/- 10.0%
2017-09-21 15:36:01,220 INFO level motor position in range
2017-09-21 15:36:01,220 INFO upper travel limit within range of 4.805
2017-09-21 15:36:01,221 INFO lower travel limit within range of 8.305
2017-09-21 15:36:01,221 INFO ==================== Test Completed ====================
2017-09-21 15:36:01,221 INFO < Test Results >
2017-09-21 15:36:01,221 INFO Line 1 (V):     208.7
2017-09-21 15:36:01,221 INFO Line 2 (V):     208.2
2017-09-21 15:36:01,221 INFO Line 3 (V):     207.2
2017-09-21 15:36:01,223 INFO 24V supply (V):  24.05
2017-09-21 15:36:01,223 INFO 12V supply (V):  12.23
2017-09-21 15:36:01,223 INFO 5V supply (V):   4.95
2017-09-21 15:36:01,223 INFO 3.3V supply (V): 3.26
2017-09-21 15:36:01,223 INFO Time elapse upwards (sec):    3.656
2017-09-21 15:36:01,223 INFO Time elapse downwards (sec):  3.694
2017-09-21 15:36:01,223 INFO Distance moving down (count): 3860
2017-09-21 15:36:01,223 INFO Distance moving up (count):   3842
2017-09-21 15:36:01,223 INFO Drift count (count):          18
2017-09-21 15:36:01,223 INFO Rear sensors gap (mm)         6.324
2017-09-21 15:36:01,224 INFO Front sensors gap (mm)        6.316
2017-09-21 15:36:01,224 INFO Level motor position (mm):    6.305
2017-09-21 15:36:01,224 INFO upper travel range (mm):      4.626
2017-09-21 15:36:01,224 INFO lower travel range (mm):      8.415
2017-09-21 15:36:01,226 INFO ZDBF: 0 
2017-09-21 15:36:01,226 INFO Tolerances not in range, adjustment required
